Lattice Timing Report -  Setup  and Hold, Version Radiant Software (64-bit) 2024.2.0.3.0

Mon Sep  8 14:06:56 2025

Copyright (c) 1991-1994 by NeoCAD Inc. All rights reserved.
Copyright (c) 1995 AT&T Corp.   All rights reserved.
Copyright (c) 1995-2001 Lucent Technologies Inc.  All rights reserved.
Copyright (c) 2001 Agere Systems   All rights reserved.
Copyright (c) 2002-2024 Lattice Semiconductor Corporation,  All rights reserved.

Command line:    timing -sethld -v 10 -u 10 -endpoints 10 -nperend 1 -sp High-Performance_1.2V -hsp m -pwrprd -html -rpt e155_lab2_impl_1.twr e155_lab2_impl_1.udb -gui -msgset C:/Users/ekendrick/Documents/GitHub/e155-lab2/radiant_project/promote.xml

-----------------------------------------
Design:          top
Family:          iCE40UP
Device:          iCE40UP5K
Package:         SG48
Performance:     High-Performance_1.2V
Package Status:                     Preliminary    Version 1.5
**Performance Hardware Data Status :   Advanced Version 1.0
-----------------------------------------


=====================================================================
                    Table of Contents
=====================================================================
    1  Timing Overview
        1.1  SDC Constraints
        1.2  Constraint Coverage
        1.3  Overall Summary
        1.4  Unconstrained Report
        1.5  Combinational Loop
    2  Setup at Speed Grade High-Performance_1.2V Corner at 100 Degrees
        2.1  Clock Summary
        2.2  Endpoint slacks
        2.3  Detailed Report
    3  Hold at Speed Grade m Corner at -40 Degrees
        3.1  Endpoint slacks
        3.2  Detailed Report

=====================================================================
                    End of Table of Contents
=====================================================================

==============================================
1  Timing Overview
==============================================

1.1  SDC Constraints
=====================
create_clock -name {clk} -period 41.6667 [get_pins {hf_osc.osc_inst/CLKHF }] 

1.2  Constraint Coverage
---------------------------
Constraint Coverage: 61.7647%


1.3  Overall Summary
---------------------------
 Setup at Speed Grade High-Performance_1.2V Corner at 100 Degrees     Timing Errors: 0 endpoints;  Total Negative Slack: 0.000 ns 
 Hold at Speed Grade m Corner at -40 Degrees                          Timing Errors: 0 endpoints;  Total Negative Slack: 0.000 ns 

1.4  Unconstrained Report
===========================

1.4.1  Unconstrained Start/End Points
--------------------------------------

Clocked but unconstrained timing start points
--------------------------------------------------
There is no start point satisfying reporting criteria


Clocked but unconstrained timing end points
--------------------------------------------------
There is no end point satisfying reporting criteria


1.4.2  Start/End Points Without Timing Constraints
---------------------------------------------------

I/O ports without constraint
----------------------------
Possible constraints to use on I/O ports are:
set_input_delay,
set_output_delay,
set_max_delay,
create_clock,
create_generated_clock,
...

-------------------------------------------------------------------
     Listing 10 Start or End Points     |           Type           
-------------------------------------------------------------------
s2[0]                                   |                     input
s2[1]                                   |                     input
s2[2]                                   |                     input
s2[3]                                   |                     input
s1[0]                                   |                     input
s1[1]                                   |                     input
s1[2]                                   |                     input
s1[3]                                   |                     input
reset                                   |                     input
led[0]                                  |                    output
-------------------------------------------------------------------
                                        |                          
Number of I/O ports without constraint  |                        23
                                        |                          
-------------------------------------------------------------------

Nets without clock definition
Define a clock on a top level port or a generated clock on a clock divider pin associated with this net(s).
--------------------------------------------------
There is no instance satisfying reporting criteria



1.5  Combinational Loop
========================
None

===============================================================
2  Setup at Speed Grade High-Performance_1.2V Corner at 100 Degrees
===============================================================

2.1  Clock Summary
=======================

2.1.1 Clock "clk"
=======================
create_clock -name {clk} -period 41.6667 [get_pins {hf_osc.osc_inst/CLKHF }] 

Single Clock Domain
-------------------------------------------------------------------------------------------------------
               Clock clk                |                    |       Period       |     Frequency      
-------------------------------------------------------------------------------------------------------
 From clk                               |             Target |          41.667 ns |         24.000 MHz 
                                        | Actual (all paths) |          20.792 ns |         48.095 MHz 
hf_osc.osc_inst/CLKHF (MPW)             |   (50% duty cycle) |          20.792 ns |         48.095 MHz 
-------------------------------------------------------------------------------------------------------

Clock Domain Crossing

2.2  Endpoint slacks
=======================
-------------------------------------------------------
          Listing 10 End Points          |    Slack    
-------------------------------------------------------
{counter1/count_11__i23/SR   counter1/count_11__i24/SR}              
                                         |   26.506 ns 
counter1/sel/D                           |   27.524 ns 
{counter1/count_11__i7/SR   counter1/count_11__i8/SR}              
                                         |   27.696 ns 
{counter1/count_11__i9/SR   counter1/count_11__i10/SR}              
                                         |   27.696 ns 
{counter1/count_11__i11/SR   counter1/count_11__i12/SR}              
                                         |   27.696 ns 
{counter1/count_11__i13/SR   counter1/count_11__i14/SR}              
                                         |   27.696 ns 
{counter1/count_11__i15/SR   counter1/count_11__i16/SR}              
                                         |   27.696 ns 
{counter1/count_11__i17/SR   counter1/count_11__i18/SR}              
                                         |   27.696 ns 
{counter1/count_11__i19/SR   counter1/count_11__i20/SR}              
                                         |   27.696 ns 
{counter1/count_11__i21/SR   counter1/count_11__i22/SR}              
                                         |   27.696 ns 
-------------------------------------------------------
                                         |             
Setup # of endpoints with negative slack:|           0 
                                         |             
-------------------------------------------------------

2.3  Detailed Report
=======================


XXXXXXXXXXXXXXXXXXXXXXXXXXXXXXXXXXXXXXXXXXXXXXXXXXXXXXXXXX

Detail report of critical paths

XXXXXXXXXXXXXXXXXXXXXXXXXXXXXXXXXXXXXXXXXXXXXXXXXXXXXXXXXX

 +++++++++++++++++++++++++++++++++++++++++++++++++++++++++++++++++++++
                    Detailed Report for timing paths 
 +++++++++++++++++++++++++++++++++++++++++++++++++++++++++++++++++++++

 ++++Path 1  ++++++++++++++++++++++++++++++++++++++++++++++++++++++++++

Path Begin       : counter1/count_11__i11/Q  (SLICE_R12C5C)
Path End         : {counter1/count_11__i23/SR   counter1/count_11__i24/SR}  (SLICE_R12C7A)
Source Clock     : clk (R)
Destination Clock: clk (R)
Logic Level      : 6
Delay Ratio      : 74.8% (route), 25.2% (logic)
Clock Skew       : 0.000 ns 
Setup Constraint : 41.666 ns 
Path Slack       : 26.505 ns  (Passed)


Source Clock Path
Name                                      Cell/Site Name     Delay Name       Incr      Arrival/Required Time  Fanout  
----------------------------------------  -----------------  ---------------  --------  ---------------------  ------  
hf_osc.osc_inst/CLKHF                     HFOSC_HFOSC_R1C32  CLOCK LATENCY       0.000                  0.000  15      
counter1/clk                                                 NET DELAY           5.499                  5.499  15      
{counter1/count_11__i11/CK   counter1/count_11__i12/CK}
                                                             CLOCK PIN           0.000                  5.499  1       


Data Path
Name                                      Cell/Site Name     Delay Name       Incr      Arrival/Required Time  Fanout  
----------------------------------------  -----------------  ---------------  --------  ---------------------  ------  
counter1/count_11__i11/CK->counter1/count_11__i11/Q
                                          SLICE_R12C5C       CLK_TO_Q0_DELAY     1.388                  6.887  2       
counter1/count[11]                                           NET DELAY           2.670                  9.557  2       
counter1/i12_4_lut/B->counter1/i12_4_lut/Z
                                          SLICE_R13C6A       B1_TO_F1_DELAY      0.449                 10.006  1       
counter1/n29                                                 NET DELAY           2.168                 12.174  1       
counter1/i15_4_lut/A->counter1/i15_4_lut/Z
                                          SLICE_R13C5A       D1_TO_F1_DELAY      0.476                 12.650  1       
counter1/n32                                                 NET DELAY           0.304                 12.954  1       
counter1/i1_4_lut/C->counter1/i1_4_lut/Z  SLICE_R13C5B       C0_TO_F0_DELAY      0.476                 13.430  1       
counter1/n10                                                 NET DELAY           0.304                 13.734  1       
counter1/i7_4_lut/D->counter1/i7_4_lut/Z  SLICE_R13C5B       C1_TO_F1_DELAY      0.449                 14.183  1       
counter1/n16                                                 NET DELAY           2.168                 16.351  1       
counter1/i4_4_lut/D->counter1/i4_4_lut/Z  SLICE_R13C5C       D1_TO_F1_DELAY      0.449                 16.800  14      
counter1/n160                                                NET DELAY           3.331                 20.131  14      
{counter1/count_11__i23/SR   counter1/count_11__i24/SR}
                                                             ENDPOINT            0.000                 20.131  1       


Destination Clock Path
Name                                      Cell/Site Name     Delay Name       Incr      Arrival/Required Time  Fanout  
----------------------------------------  -----------------  ---------------  --------  ---------------------  ------  
                                                             CONSTRAINT          0.000                 41.666  1       
hf_osc.osc_inst/CLKHF                     HFOSC_HFOSC_R1C32  CLOCK LATENCY       0.000                 41.666  15      
counter1/clk                                                 NET DELAY           5.499                 47.165  15      
{counter1/count_11__i23/CK   counter1/count_11__i24/CK}
                                                             CLOCK PIN           0.000                 47.165  1       
                                                             Uncertainty      -(0.000)                 47.165  
                                                             Setup time       -(0.529)                 46.636  
----------------------------------------  -----------------  ---------------  --------  ---------------------  ------  
Required Time                                                                                          46.636  
Arrival Time                                                                                        -(20.130)  
----------------------------------------  -----------------  ---------------  --------  ---------------------  ------  
Path Slack  (Passed)                                                                                   26.505  




++++ Path 2 ++++++++++++++++++++++++++++++++++++++++++++++++++++++++++ 

Path Begin       : counter1/count_11__i11/Q  (SLICE_R12C5C)
Path End         : counter1/sel/D  (SLICE_R13C4A)
Source Clock     : clk (R)
Destination Clock: clk (R)
Logic Level      : 7
Delay Ratio      : 70.1% (route), 29.9% (logic)
Clock Skew       : 0.000 ns 
Setup Constraint : 41.666 ns 
Path Slack       : 27.523 ns  (Passed)


Source Clock Path
Name                                      Cell/Site Name     Delay Name       Incr      Arrival/Required Time  Fanout  
----------------------------------------  -----------------  ---------------  --------  ---------------------  ------  
hf_osc.osc_inst/CLKHF                     HFOSC_HFOSC_R1C32  CLOCK LATENCY       0.000                  0.000  15      
counter1/clk                                                 NET DELAY           5.499                  5.499  15      
{counter1/count_11__i11/CK   counter1/count_11__i12/CK}
                                                             CLOCK PIN           0.000                  5.499  1       


Data Path
Name                                      Cell/Site Name     Delay Name       Incr      Arrival/Required Time  Fanout  
----------------------------------------  -----------------  ---------------  --------  ---------------------  ------  
counter1/count_11__i11/CK->counter1/count_11__i11/Q
                                          SLICE_R12C5C       CLK_TO_Q0_DELAY     1.388                  6.887  2       
counter1/count[11]                                           NET DELAY           2.670                  9.557  2       
counter1/i12_4_lut/B->counter1/i12_4_lut/Z
                                          SLICE_R13C6A       B1_TO_F1_DELAY      0.449                 10.006  1       
counter1/n29                                                 NET DELAY           2.168                 12.174  1       
counter1/i15_4_lut/A->counter1/i15_4_lut/Z
                                          SLICE_R13C5A       D1_TO_F1_DELAY      0.476                 12.650  1       
counter1/n32                                                 NET DELAY           0.304                 12.954  1       
counter1/i1_4_lut/C->counter1/i1_4_lut/Z  SLICE_R13C5B       C0_TO_F0_DELAY      0.476                 13.430  1       
counter1/n10                                                 NET DELAY           0.304                 13.734  1       
counter1/i7_4_lut/D->counter1/i7_4_lut/Z  SLICE_R13C5B       C1_TO_F1_DELAY      0.449                 14.183  1       
counter1/n16                                                 NET DELAY           2.168                 16.351  1       
counter1/i4_4_lut/D->counter1/i4_4_lut/Z  SLICE_R13C5C       D1_TO_F1_DELAY      0.449                 16.800  14      
counter1/n160                                                NET DELAY           2.168                 18.968  14      
counter1/i144_3_lut/C->counter1/i144_3_lut/Z
                                          SLICE_R13C4A       D1_TO_F1_DELAY      0.476                 19.444  1       
counter1/n166                                                NET DELAY           0.000                 19.444  1       
counter1/sel/D                                               ENDPOINT            0.000                 19.444  1       


Destination Clock Path
Name                                      Cell/Site Name     Delay Name       Incr      Arrival/Required Time  Fanout  
----------------------------------------  -----------------  ---------------  --------  ---------------------  ------  
                                                             CONSTRAINT          0.000                 41.666  1       
hf_osc.osc_inst/CLKHF                     HFOSC_HFOSC_R1C32  CLOCK LATENCY       0.000                 41.666  15      
counter1/clk                                                 NET DELAY           5.499                 47.165  15      
counter1/sel/CK                                              CLOCK PIN           0.000                 47.165  1       
                                                             Uncertainty      -(0.000)                 47.165  
                                                             Setup time       -(0.198)                 46.967  
----------------------------------------  -----------------  ---------------  --------  ---------------------  ------  
Required Time                                                                                          46.967  
Arrival Time                                                                                        -(19.443)  
----------------------------------------  -----------------  ---------------  --------  ---------------------  ------  
Path Slack  (Passed)                                                                                   27.523  




++++ Path 3 ++++++++++++++++++++++++++++++++++++++++++++++++++++++++++ 

Path Begin       : counter1/count_11__i11/Q  (SLICE_R12C5C)
Path End         : {counter1/count_11__i7/SR   counter1/count_11__i8/SR}  (SLICE_R12C5A)
Source Clock     : clk (R)
Destination Clock: clk (R)
Logic Level      : 6
Delay Ratio      : 72.6% (route), 27.4% (logic)
Clock Skew       : 0.000 ns 
Setup Constraint : 41.666 ns 
Path Slack       : 27.695 ns  (Passed)


Source Clock Path
Name                                      Cell/Site Name     Delay Name       Incr      Arrival/Required Time  Fanout  
----------------------------------------  -----------------  ---------------  --------  ---------------------  ------  
hf_osc.osc_inst/CLKHF                     HFOSC_HFOSC_R1C32  CLOCK LATENCY       0.000                  0.000  15      
counter1/clk                                                 NET DELAY           5.499                  5.499  15      
{counter1/count_11__i11/CK   counter1/count_11__i12/CK}
                                                             CLOCK PIN           0.000                  5.499  1       


Data Path
Name                                      Cell/Site Name     Delay Name       Incr      Arrival/Required Time  Fanout  
----------------------------------------  -----------------  ---------------  --------  ---------------------  ------  
counter1/count_11__i11/CK->counter1/count_11__i11/Q
                                          SLICE_R12C5C       CLK_TO_Q0_DELAY     1.388                  6.887  2       
counter1/count[11]                                           NET DELAY           2.670                  9.557  2       
counter1/i12_4_lut/B->counter1/i12_4_lut/Z
                                          SLICE_R13C6A       B1_TO_F1_DELAY      0.449                 10.006  1       
counter1/n29                                                 NET DELAY           2.168                 12.174  1       
counter1/i15_4_lut/A->counter1/i15_4_lut/Z
                                          SLICE_R13C5A       D1_TO_F1_DELAY      0.476                 12.650  1       
counter1/n32                                                 NET DELAY           0.304                 12.954  1       
counter1/i1_4_lut/C->counter1/i1_4_lut/Z  SLICE_R13C5B       C0_TO_F0_DELAY      0.476                 13.430  1       
counter1/n10                                                 NET DELAY           0.304                 13.734  1       
counter1/i7_4_lut/D->counter1/i7_4_lut/Z  SLICE_R13C5B       C1_TO_F1_DELAY      0.449                 14.183  1       
counter1/n16                                                 NET DELAY           2.168                 16.351  1       
counter1/i4_4_lut/D->counter1/i4_4_lut/Z  SLICE_R13C5C       D1_TO_F1_DELAY      0.449                 16.800  14      
counter1/n160                                                NET DELAY           2.141                 18.941  14      
{counter1/count_11__i7/SR   counter1/count_11__i8/SR}
                                                             ENDPOINT            0.000                 18.941  1       


Destination Clock Path
Name                                      Cell/Site Name     Delay Name       Incr      Arrival/Required Time  Fanout  
----------------------------------------  -----------------  ---------------  --------  ---------------------  ------  
                                                             CONSTRAINT          0.000                 41.666  1       
hf_osc.osc_inst/CLKHF                     HFOSC_HFOSC_R1C32  CLOCK LATENCY       0.000                 41.666  15      
counter1/clk                                                 NET DELAY           5.499                 47.165  15      
{counter1/count_11__i7/CK   counter1/count_11__i8/CK}
                                                             CLOCK PIN           0.000                 47.165  1       
                                                             Uncertainty      -(0.000)                 47.165  
                                                             Setup time       -(0.529)                 46.636  
----------------------------------------  -----------------  ---------------  --------  ---------------------  ------  
Required Time                                                                                          46.636  
Arrival Time                                                                                        -(18.940)  
----------------------------------------  -----------------  ---------------  --------  ---------------------  ------  
Path Slack  (Passed)                                                                                   27.695  




++++ Path 4 ++++++++++++++++++++++++++++++++++++++++++++++++++++++++++ 

Path Begin       : counter1/count_11__i11/Q  (SLICE_R12C5C)
Path End         : {counter1/count_11__i9/SR   counter1/count_11__i10/SR}  (SLICE_R12C5B)
Source Clock     : clk (R)
Destination Clock: clk (R)
Logic Level      : 6
Delay Ratio      : 72.6% (route), 27.4% (logic)
Clock Skew       : 0.000 ns 
Setup Constraint : 41.666 ns 
Path Slack       : 27.695 ns  (Passed)


Source Clock Path
Name                                      Cell/Site Name     Delay Name       Incr      Arrival/Required Time  Fanout  
----------------------------------------  -----------------  ---------------  --------  ---------------------  ------  
hf_osc.osc_inst/CLKHF                     HFOSC_HFOSC_R1C32  CLOCK LATENCY       0.000                  0.000  15      
counter1/clk                                                 NET DELAY           5.499                  5.499  15      
{counter1/count_11__i11/CK   counter1/count_11__i12/CK}
                                                             CLOCK PIN           0.000                  5.499  1       


Data Path
Name                                      Cell/Site Name     Delay Name       Incr      Arrival/Required Time  Fanout  
----------------------------------------  -----------------  ---------------  --------  ---------------------  ------  
counter1/count_11__i11/CK->counter1/count_11__i11/Q
                                          SLICE_R12C5C       CLK_TO_Q0_DELAY     1.388                  6.887  2       
counter1/count[11]                                           NET DELAY           2.670                  9.557  2       
counter1/i12_4_lut/B->counter1/i12_4_lut/Z
                                          SLICE_R13C6A       B1_TO_F1_DELAY      0.449                 10.006  1       
counter1/n29                                                 NET DELAY           2.168                 12.174  1       
counter1/i15_4_lut/A->counter1/i15_4_lut/Z
                                          SLICE_R13C5A       D1_TO_F1_DELAY      0.476                 12.650  1       
counter1/n32                                                 NET DELAY           0.304                 12.954  1       
counter1/i1_4_lut/C->counter1/i1_4_lut/Z  SLICE_R13C5B       C0_TO_F0_DELAY      0.476                 13.430  1       
counter1/n10                                                 NET DELAY           0.304                 13.734  1       
counter1/i7_4_lut/D->counter1/i7_4_lut/Z  SLICE_R13C5B       C1_TO_F1_DELAY      0.449                 14.183  1       
counter1/n16                                                 NET DELAY           2.168                 16.351  1       
counter1/i4_4_lut/D->counter1/i4_4_lut/Z  SLICE_R13C5C       D1_TO_F1_DELAY      0.449                 16.800  14      
counter1/n160                                                NET DELAY           2.141                 18.941  14      
{counter1/count_11__i9/SR   counter1/count_11__i10/SR}
                                                             ENDPOINT            0.000                 18.941  1       


Destination Clock Path
Name                                      Cell/Site Name     Delay Name       Incr      Arrival/Required Time  Fanout  
----------------------------------------  -----------------  ---------------  --------  ---------------------  ------  
                                                             CONSTRAINT          0.000                 41.666  1       
hf_osc.osc_inst/CLKHF                     HFOSC_HFOSC_R1C32  CLOCK LATENCY       0.000                 41.666  15      
counter1/clk                                                 NET DELAY           5.499                 47.165  15      
{counter1/count_11__i9/CK   counter1/count_11__i10/CK}
                                                             CLOCK PIN           0.000                 47.165  1       
                                                             Uncertainty      -(0.000)                 47.165  
                                                             Setup time       -(0.529)                 46.636  
----------------------------------------  -----------------  ---------------  --------  ---------------------  ------  
Required Time                                                                                          46.636  
Arrival Time                                                                                        -(18.940)  
----------------------------------------  -----------------  ---------------  --------  ---------------------  ------  
Path Slack  (Passed)                                                                                   27.695  




++++ Path 5 ++++++++++++++++++++++++++++++++++++++++++++++++++++++++++ 

Path Begin       : counter1/count_11__i11/Q  (SLICE_R12C5C)
Path End         : {counter1/count_11__i11/SR   counter1/count_11__i12/SR}  (SLICE_R12C5C)
Source Clock     : clk (R)
Destination Clock: clk (R)
Logic Level      : 6
Delay Ratio      : 72.6% (route), 27.4% (logic)
Clock Skew       : 0.000 ns 
Setup Constraint : 41.666 ns 
Path Slack       : 27.695 ns  (Passed)


Source Clock Path
Name                                      Cell/Site Name     Delay Name       Incr      Arrival/Required Time  Fanout  
----------------------------------------  -----------------  ---------------  --------  ---------------------  ------  
hf_osc.osc_inst/CLKHF                     HFOSC_HFOSC_R1C32  CLOCK LATENCY       0.000                  0.000  15      
counter1/clk                                                 NET DELAY           5.499                  5.499  15      
{counter1/count_11__i11/CK   counter1/count_11__i12/CK}
                                                             CLOCK PIN           0.000                  5.499  1       


Data Path
Name                                      Cell/Site Name     Delay Name       Incr      Arrival/Required Time  Fanout  
----------------------------------------  -----------------  ---------------  --------  ---------------------  ------  
counter1/count_11__i11/CK->counter1/count_11__i11/Q
                                          SLICE_R12C5C       CLK_TO_Q0_DELAY     1.388                  6.887  2       
counter1/count[11]                                           NET DELAY           2.670                  9.557  2       
counter1/i12_4_lut/B->counter1/i12_4_lut/Z
                                          SLICE_R13C6A       B1_TO_F1_DELAY      0.449                 10.006  1       
counter1/n29                                                 NET DELAY           2.168                 12.174  1       
counter1/i15_4_lut/A->counter1/i15_4_lut/Z
                                          SLICE_R13C5A       D1_TO_F1_DELAY      0.476                 12.650  1       
counter1/n32                                                 NET DELAY           0.304                 12.954  1       
counter1/i1_4_lut/C->counter1/i1_4_lut/Z  SLICE_R13C5B       C0_TO_F0_DELAY      0.476                 13.430  1       
counter1/n10                                                 NET DELAY           0.304                 13.734  1       
counter1/i7_4_lut/D->counter1/i7_4_lut/Z  SLICE_R13C5B       C1_TO_F1_DELAY      0.449                 14.183  1       
counter1/n16                                                 NET DELAY           2.168                 16.351  1       
counter1/i4_4_lut/D->counter1/i4_4_lut/Z  SLICE_R13C5C       D1_TO_F1_DELAY      0.449                 16.800  14      
counter1/n160                                                NET DELAY           2.141                 18.941  14      
{counter1/count_11__i11/SR   counter1/count_11__i12/SR}
                                                             ENDPOINT            0.000                 18.941  1       


Destination Clock Path
Name                                      Cell/Site Name     Delay Name       Incr      Arrival/Required Time  Fanout  
----------------------------------------  -----------------  ---------------  --------  ---------------------  ------  
                                                             CONSTRAINT          0.000                 41.666  1       
hf_osc.osc_inst/CLKHF                     HFOSC_HFOSC_R1C32  CLOCK LATENCY       0.000                 41.666  15      
counter1/clk                                                 NET DELAY           5.499                 47.165  15      
{counter1/count_11__i11/CK   counter1/count_11__i12/CK}
                                                             CLOCK PIN           0.000                 47.165  1       
                                                             Uncertainty      -(0.000)                 47.165  
                                                             Setup time       -(0.529)                 46.636  
----------------------------------------  -----------------  ---------------  --------  ---------------------  ------  
Required Time                                                                                          46.636  
Arrival Time                                                                                        -(18.940)  
----------------------------------------  -----------------  ---------------  --------  ---------------------  ------  
Path Slack  (Passed)                                                                                   27.695  




++++ Path 6 ++++++++++++++++++++++++++++++++++++++++++++++++++++++++++ 

Path Begin       : counter1/count_11__i11/Q  (SLICE_R12C5C)
Path End         : {counter1/count_11__i13/SR   counter1/count_11__i14/SR}  (SLICE_R12C5D)
Source Clock     : clk (R)
Destination Clock: clk (R)
Logic Level      : 6
Delay Ratio      : 72.6% (route), 27.4% (logic)
Clock Skew       : 0.000 ns 
Setup Constraint : 41.666 ns 
Path Slack       : 27.695 ns  (Passed)


Source Clock Path
Name                                      Cell/Site Name     Delay Name       Incr      Arrival/Required Time  Fanout  
----------------------------------------  -----------------  ---------------  --------  ---------------------  ------  
hf_osc.osc_inst/CLKHF                     HFOSC_HFOSC_R1C32  CLOCK LATENCY       0.000                  0.000  15      
counter1/clk                                                 NET DELAY           5.499                  5.499  15      
{counter1/count_11__i11/CK   counter1/count_11__i12/CK}
                                                             CLOCK PIN           0.000                  5.499  1       


Data Path
Name                                      Cell/Site Name     Delay Name       Incr      Arrival/Required Time  Fanout  
----------------------------------------  -----------------  ---------------  --------  ---------------------  ------  
counter1/count_11__i11/CK->counter1/count_11__i11/Q
                                          SLICE_R12C5C       CLK_TO_Q0_DELAY     1.388                  6.887  2       
counter1/count[11]                                           NET DELAY           2.670                  9.557  2       
counter1/i12_4_lut/B->counter1/i12_4_lut/Z
                                          SLICE_R13C6A       B1_TO_F1_DELAY      0.449                 10.006  1       
counter1/n29                                                 NET DELAY           2.168                 12.174  1       
counter1/i15_4_lut/A->counter1/i15_4_lut/Z
                                          SLICE_R13C5A       D1_TO_F1_DELAY      0.476                 12.650  1       
counter1/n32                                                 NET DELAY           0.304                 12.954  1       
counter1/i1_4_lut/C->counter1/i1_4_lut/Z  SLICE_R13C5B       C0_TO_F0_DELAY      0.476                 13.430  1       
counter1/n10                                                 NET DELAY           0.304                 13.734  1       
counter1/i7_4_lut/D->counter1/i7_4_lut/Z  SLICE_R13C5B       C1_TO_F1_DELAY      0.449                 14.183  1       
counter1/n16                                                 NET DELAY           2.168                 16.351  1       
counter1/i4_4_lut/D->counter1/i4_4_lut/Z  SLICE_R13C5C       D1_TO_F1_DELAY      0.449                 16.800  14      
counter1/n160                                                NET DELAY           2.141                 18.941  14      
{counter1/count_11__i13/SR   counter1/count_11__i14/SR}
                                                             ENDPOINT            0.000                 18.941  1       


Destination Clock Path
Name                                      Cell/Site Name     Delay Name       Incr      Arrival/Required Time  Fanout  
----------------------------------------  -----------------  ---------------  --------  ---------------------  ------  
                                                             CONSTRAINT          0.000                 41.666  1       
hf_osc.osc_inst/CLKHF                     HFOSC_HFOSC_R1C32  CLOCK LATENCY       0.000                 41.666  15      
counter1/clk                                                 NET DELAY           5.499                 47.165  15      
{counter1/count_11__i13/CK   counter1/count_11__i14/CK}
                                                             CLOCK PIN           0.000                 47.165  1       
                                                             Uncertainty      -(0.000)                 47.165  
                                                             Setup time       -(0.529)                 46.636  
----------------------------------------  -----------------  ---------------  --------  ---------------------  ------  
Required Time                                                                                          46.636  
Arrival Time                                                                                        -(18.940)  
----------------------------------------  -----------------  ---------------  --------  ---------------------  ------  
Path Slack  (Passed)                                                                                   27.695  




++++ Path 7 ++++++++++++++++++++++++++++++++++++++++++++++++++++++++++ 

Path Begin       : counter1/count_11__i11/Q  (SLICE_R12C5C)
Path End         : {counter1/count_11__i15/SR   counter1/count_11__i16/SR}  (SLICE_R12C6A)
Source Clock     : clk (R)
Destination Clock: clk (R)
Logic Level      : 6
Delay Ratio      : 72.6% (route), 27.4% (logic)
Clock Skew       : 0.000 ns 
Setup Constraint : 41.666 ns 
Path Slack       : 27.695 ns  (Passed)


Source Clock Path
Name                                      Cell/Site Name     Delay Name       Incr      Arrival/Required Time  Fanout  
----------------------------------------  -----------------  ---------------  --------  ---------------------  ------  
hf_osc.osc_inst/CLKHF                     HFOSC_HFOSC_R1C32  CLOCK LATENCY       0.000                  0.000  15      
counter1/clk                                                 NET DELAY           5.499                  5.499  15      
{counter1/count_11__i11/CK   counter1/count_11__i12/CK}
                                                             CLOCK PIN           0.000                  5.499  1       


Data Path
Name                                      Cell/Site Name     Delay Name       Incr      Arrival/Required Time  Fanout  
----------------------------------------  -----------------  ---------------  --------  ---------------------  ------  
counter1/count_11__i11/CK->counter1/count_11__i11/Q
                                          SLICE_R12C5C       CLK_TO_Q0_DELAY     1.388                  6.887  2       
counter1/count[11]                                           NET DELAY           2.670                  9.557  2       
counter1/i12_4_lut/B->counter1/i12_4_lut/Z
                                          SLICE_R13C6A       B1_TO_F1_DELAY      0.449                 10.006  1       
counter1/n29                                                 NET DELAY           2.168                 12.174  1       
counter1/i15_4_lut/A->counter1/i15_4_lut/Z
                                          SLICE_R13C5A       D1_TO_F1_DELAY      0.476                 12.650  1       
counter1/n32                                                 NET DELAY           0.304                 12.954  1       
counter1/i1_4_lut/C->counter1/i1_4_lut/Z  SLICE_R13C5B       C0_TO_F0_DELAY      0.476                 13.430  1       
counter1/n10                                                 NET DELAY           0.304                 13.734  1       
counter1/i7_4_lut/D->counter1/i7_4_lut/Z  SLICE_R13C5B       C1_TO_F1_DELAY      0.449                 14.183  1       
counter1/n16                                                 NET DELAY           2.168                 16.351  1       
counter1/i4_4_lut/D->counter1/i4_4_lut/Z  SLICE_R13C5C       D1_TO_F1_DELAY      0.449                 16.800  14      
counter1/n160                                                NET DELAY           2.141                 18.941  14      
{counter1/count_11__i15/SR   counter1/count_11__i16/SR}
                                                             ENDPOINT            0.000                 18.941  1       


Destination Clock Path
Name                                      Cell/Site Name     Delay Name       Incr      Arrival/Required Time  Fanout  
----------------------------------------  -----------------  ---------------  --------  ---------------------  ------  
                                                             CONSTRAINT          0.000                 41.666  1       
hf_osc.osc_inst/CLKHF                     HFOSC_HFOSC_R1C32  CLOCK LATENCY       0.000                 41.666  15      
counter1/clk                                                 NET DELAY           5.499                 47.165  15      
{counter1/count_11__i15/CK   counter1/count_11__i16/CK}
                                                             CLOCK PIN           0.000                 47.165  1       
                                                             Uncertainty      -(0.000)                 47.165  
                                                             Setup time       -(0.529)                 46.636  
----------------------------------------  -----------------  ---------------  --------  ---------------------  ------  
Required Time                                                                                          46.636  
Arrival Time                                                                                        -(18.940)  
----------------------------------------  -----------------  ---------------  --------  ---------------------  ------  
Path Slack  (Passed)                                                                                   27.695  




++++ Path 8 ++++++++++++++++++++++++++++++++++++++++++++++++++++++++++ 

Path Begin       : counter1/count_11__i11/Q  (SLICE_R12C5C)
Path End         : {counter1/count_11__i17/SR   counter1/count_11__i18/SR}  (SLICE_R12C6B)
Source Clock     : clk (R)
Destination Clock: clk (R)
Logic Level      : 6
Delay Ratio      : 72.6% (route), 27.4% (logic)
Clock Skew       : 0.000 ns 
Setup Constraint : 41.666 ns 
Path Slack       : 27.695 ns  (Passed)


Source Clock Path
Name                                      Cell/Site Name     Delay Name       Incr      Arrival/Required Time  Fanout  
----------------------------------------  -----------------  ---------------  --------  ---------------------  ------  
hf_osc.osc_inst/CLKHF                     HFOSC_HFOSC_R1C32  CLOCK LATENCY       0.000                  0.000  15      
counter1/clk                                                 NET DELAY           5.499                  5.499  15      
{counter1/count_11__i11/CK   counter1/count_11__i12/CK}
                                                             CLOCK PIN           0.000                  5.499  1       


Data Path
Name                                      Cell/Site Name     Delay Name       Incr      Arrival/Required Time  Fanout  
----------------------------------------  -----------------  ---------------  --------  ---------------------  ------  
counter1/count_11__i11/CK->counter1/count_11__i11/Q
                                          SLICE_R12C5C       CLK_TO_Q0_DELAY     1.388                  6.887  2       
counter1/count[11]                                           NET DELAY           2.670                  9.557  2       
counter1/i12_4_lut/B->counter1/i12_4_lut/Z
                                          SLICE_R13C6A       B1_TO_F1_DELAY      0.449                 10.006  1       
counter1/n29                                                 NET DELAY           2.168                 12.174  1       
counter1/i15_4_lut/A->counter1/i15_4_lut/Z
                                          SLICE_R13C5A       D1_TO_F1_DELAY      0.476                 12.650  1       
counter1/n32                                                 NET DELAY           0.304                 12.954  1       
counter1/i1_4_lut/C->counter1/i1_4_lut/Z  SLICE_R13C5B       C0_TO_F0_DELAY      0.476                 13.430  1       
counter1/n10                                                 NET DELAY           0.304                 13.734  1       
counter1/i7_4_lut/D->counter1/i7_4_lut/Z  SLICE_R13C5B       C1_TO_F1_DELAY      0.449                 14.183  1       
counter1/n16                                                 NET DELAY           2.168                 16.351  1       
counter1/i4_4_lut/D->counter1/i4_4_lut/Z  SLICE_R13C5C       D1_TO_F1_DELAY      0.449                 16.800  14      
counter1/n160                                                NET DELAY           2.141                 18.941  14      
{counter1/count_11__i17/SR   counter1/count_11__i18/SR}
                                                             ENDPOINT            0.000                 18.941  1       


Destination Clock Path
Name                                      Cell/Site Name     Delay Name       Incr      Arrival/Required Time  Fanout  
----------------------------------------  -----------------  ---------------  --------  ---------------------  ------  
                                                             CONSTRAINT          0.000                 41.666  1       
hf_osc.osc_inst/CLKHF                     HFOSC_HFOSC_R1C32  CLOCK LATENCY       0.000                 41.666  15      
counter1/clk                                                 NET DELAY           5.499                 47.165  15      
{counter1/count_11__i17/CK   counter1/count_11__i18/CK}
                                                             CLOCK PIN           0.000                 47.165  1       
                                                             Uncertainty      -(0.000)                 47.165  
                                                             Setup time       -(0.529)                 46.636  
----------------------------------------  -----------------  ---------------  --------  ---------------------  ------  
Required Time                                                                                          46.636  
Arrival Time                                                                                        -(18.940)  
----------------------------------------  -----------------  ---------------  --------  ---------------------  ------  
Path Slack  (Passed)                                                                                   27.695  




++++ Path 9 ++++++++++++++++++++++++++++++++++++++++++++++++++++++++++ 

Path Begin       : counter1/count_11__i11/Q  (SLICE_R12C5C)
Path End         : {counter1/count_11__i19/SR   counter1/count_11__i20/SR}  (SLICE_R12C6C)
Source Clock     : clk (R)
Destination Clock: clk (R)
Logic Level      : 6
Delay Ratio      : 72.6% (route), 27.4% (logic)
Clock Skew       : 0.000 ns 
Setup Constraint : 41.666 ns 
Path Slack       : 27.695 ns  (Passed)


Source Clock Path
Name                                      Cell/Site Name     Delay Name       Incr      Arrival/Required Time  Fanout  
----------------------------------------  -----------------  ---------------  --------  ---------------------  ------  
hf_osc.osc_inst/CLKHF                     HFOSC_HFOSC_R1C32  CLOCK LATENCY       0.000                  0.000  15      
counter1/clk                                                 NET DELAY           5.499                  5.499  15      
{counter1/count_11__i11/CK   counter1/count_11__i12/CK}
                                                             CLOCK PIN           0.000                  5.499  1       


Data Path
Name                                      Cell/Site Name     Delay Name       Incr      Arrival/Required Time  Fanout  
----------------------------------------  -----------------  ---------------  --------  ---------------------  ------  
counter1/count_11__i11/CK->counter1/count_11__i11/Q
                                          SLICE_R12C5C       CLK_TO_Q0_DELAY     1.388                  6.887  2       
counter1/count[11]                                           NET DELAY           2.670                  9.557  2       
counter1/i12_4_lut/B->counter1/i12_4_lut/Z
                                          SLICE_R13C6A       B1_TO_F1_DELAY      0.449                 10.006  1       
counter1/n29                                                 NET DELAY           2.168                 12.174  1       
counter1/i15_4_lut/A->counter1/i15_4_lut/Z
                                          SLICE_R13C5A       D1_TO_F1_DELAY      0.476                 12.650  1       
counter1/n32                                                 NET DELAY           0.304                 12.954  1       
counter1/i1_4_lut/C->counter1/i1_4_lut/Z  SLICE_R13C5B       C0_TO_F0_DELAY      0.476                 13.430  1       
counter1/n10                                                 NET DELAY           0.304                 13.734  1       
counter1/i7_4_lut/D->counter1/i7_4_lut/Z  SLICE_R13C5B       C1_TO_F1_DELAY      0.449                 14.183  1       
counter1/n16                                                 NET DELAY           2.168                 16.351  1       
counter1/i4_4_lut/D->counter1/i4_4_lut/Z  SLICE_R13C5C       D1_TO_F1_DELAY      0.449                 16.800  14      
counter1/n160                                                NET DELAY           2.141                 18.941  14      
{counter1/count_11__i19/SR   counter1/count_11__i20/SR}
                                                             ENDPOINT            0.000                 18.941  1       


Destination Clock Path
Name                                      Cell/Site Name     Delay Name       Incr      Arrival/Required Time  Fanout  
----------------------------------------  -----------------  ---------------  --------  ---------------------  ------  
                                                             CONSTRAINT          0.000                 41.666  1       
hf_osc.osc_inst/CLKHF                     HFOSC_HFOSC_R1C32  CLOCK LATENCY       0.000                 41.666  15      
counter1/clk                                                 NET DELAY           5.499                 47.165  15      
{counter1/count_11__i19/CK   counter1/count_11__i20/CK}
                                                             CLOCK PIN           0.000                 47.165  1       
                                                             Uncertainty      -(0.000)                 47.165  
                                                             Setup time       -(0.529)                 46.636  
----------------------------------------  -----------------  ---------------  --------  ---------------------  ------  
Required Time                                                                                          46.636  
Arrival Time                                                                                        -(18.940)  
----------------------------------------  -----------------  ---------------  --------  ---------------------  ------  
Path Slack  (Passed)                                                                                   27.695  




++++ Path 10 ++++++++++++++++++++++++++++++++++++++++++++++++++++++++++ 

Path Begin       : counter1/count_11__i11/Q  (SLICE_R12C5C)
Path End         : {counter1/count_11__i21/SR   counter1/count_11__i22/SR}  (SLICE_R12C6D)
Source Clock     : clk (R)
Destination Clock: clk (R)
Logic Level      : 6
Delay Ratio      : 72.6% (route), 27.4% (logic)
Clock Skew       : 0.000 ns 
Setup Constraint : 41.666 ns 
Path Slack       : 27.695 ns  (Passed)


Source Clock Path
Name                                      Cell/Site Name     Delay Name       Incr      Arrival/Required Time  Fanout  
----------------------------------------  -----------------  ---------------  --------  ---------------------  ------  
hf_osc.osc_inst/CLKHF                     HFOSC_HFOSC_R1C32  CLOCK LATENCY       0.000                  0.000  15      
counter1/clk                                                 NET DELAY           5.499                  5.499  15      
{counter1/count_11__i11/CK   counter1/count_11__i12/CK}
                                                             CLOCK PIN           0.000                  5.499  1       


Data Path
Name                                      Cell/Site Name     Delay Name       Incr      Arrival/Required Time  Fanout  
----------------------------------------  -----------------  ---------------  --------  ---------------------  ------  
counter1/count_11__i11/CK->counter1/count_11__i11/Q
                                          SLICE_R12C5C       CLK_TO_Q0_DELAY     1.388                  6.887  2       
counter1/count[11]                                           NET DELAY           2.670                  9.557  2       
counter1/i12_4_lut/B->counter1/i12_4_lut/Z
                                          SLICE_R13C6A       B1_TO_F1_DELAY      0.449                 10.006  1       
counter1/n29                                                 NET DELAY           2.168                 12.174  1       
counter1/i15_4_lut/A->counter1/i15_4_lut/Z
                                          SLICE_R13C5A       D1_TO_F1_DELAY      0.476                 12.650  1       
counter1/n32                                                 NET DELAY           0.304                 12.954  1       
counter1/i1_4_lut/C->counter1/i1_4_lut/Z  SLICE_R13C5B       C0_TO_F0_DELAY      0.476                 13.430  1       
counter1/n10                                                 NET DELAY           0.304                 13.734  1       
counter1/i7_4_lut/D->counter1/i7_4_lut/Z  SLICE_R13C5B       C1_TO_F1_DELAY      0.449                 14.183  1       
counter1/n16                                                 NET DELAY           2.168                 16.351  1       
counter1/i4_4_lut/D->counter1/i4_4_lut/Z  SLICE_R13C5C       D1_TO_F1_DELAY      0.449                 16.800  14      
counter1/n160                                                NET DELAY           2.141                 18.941  14      
{counter1/count_11__i21/SR   counter1/count_11__i22/SR}
                                                             ENDPOINT            0.000                 18.941  1       


Destination Clock Path
Name                                      Cell/Site Name     Delay Name       Incr      Arrival/Required Time  Fanout  
----------------------------------------  -----------------  ---------------  --------  ---------------------  ------  
                                                             CONSTRAINT          0.000                 41.666  1       
hf_osc.osc_inst/CLKHF                     HFOSC_HFOSC_R1C32  CLOCK LATENCY       0.000                 41.666  15      
counter1/clk                                                 NET DELAY           5.499                 47.165  15      
{counter1/count_11__i21/CK   counter1/count_11__i22/CK}
                                                             CLOCK PIN           0.000                 47.165  1       
                                                             Uncertainty      -(0.000)                 47.165  
                                                             Setup time       -(0.529)                 46.636  
----------------------------------------  -----------------  ---------------  --------  ---------------------  ------  
Required Time                                                                                          46.636  
Arrival Time                                                                                        -(18.940)  
----------------------------------------  -----------------  ---------------  --------  ---------------------  ------  
Path Slack  (Passed)                                                                                   27.695  



+++++++++++++++++++++++++++++++++++++++++++++++++++++++++++++++++++++ 
                    End of Detailed Report for timing paths 
+++++++++++++++++++++++++++++++++++++++++++++++++++++++++++++++++++++ 


##########################################################



===============================================================
3  Hold at Speed Grade m Corner at -40 Degrees
===============================================================

3.1  Endpoint slacks
=======================
-------------------------------------------------------
          Listing 10 End Points          |    Slack    
-------------------------------------------------------
counter1/count_11__i15/D                 |    1.913 ns 
counter1/count_11__i16/D                 |    1.913 ns 
counter1/count_11__i17/D                 |    1.913 ns 
counter1/count_11__i18/D                 |    1.913 ns 
counter1/count_11__i19/D                 |    1.913 ns 
counter1/count_11__i20/D                 |    1.913 ns 
counter1/count_11__i21/D                 |    1.913 ns 
counter1/count_11__i22/D                 |    1.913 ns 
counter1/count_11__i23/D                 |    1.913 ns 
counter1/count_11__i24/D                 |    1.913 ns 
-------------------------------------------------------
                                         |             
Hold # of endpoints with negative slack: |           0 
                                         |             
-------------------------------------------------------

3.2  Detailed Report
=======================


XXXXXXXXXXXXXXXXXXXXXXXXXXXXXXXXXXXXXXXXXXXXXXXXXXXXXXXXXX

Detail report of critical paths

XXXXXXXXXXXXXXXXXXXXXXXXXXXXXXXXXXXXXXXXXXXXXXXXXXXXXXXXXX

 +++++++++++++++++++++++++++++++++++++++++++++++++++++++++++++++++++++
                    Detailed Report for timing paths 
 +++++++++++++++++++++++++++++++++++++++++++++++++++++++++++++++++++++

 ++++Path 1  ++++++++++++++++++++++++++++++++++++++++++++++++++++++++++

Path Begin       : counter1/count_11__i15/Q  (SLICE_R12C6A)
Path End         : counter1/count_11__i15/D  (SLICE_R12C6A)
Source Clock     : clk (R)
Destination Clock: clk (R)
Logic Level      : 2
Delay Ratio      : 46.1% (route), 53.9% (logic)
Clock Skew       : 0.000 ns 
Hold Constraint  : 0.000 ns 
Path Slack       : 1.913 ns  (Passed)


Source Clock Path
Name                                      Cell/Site Name     Delay Name       Incr   Arrival/Required Time  Fanout  
----------------------------------------  -----------------  ---------------  -----  ---------------------  ------  
hf_osc.osc_inst/CLKHF                     HFOSC_HFOSC_R1C32  CLOCK LATENCY    0.000                  0.000  16      
counter1/clk                                                 NET DELAY        3.084                  3.084  16      
{counter1/count_11__i15/CK   counter1/count_11__i16/CK}
                                                             CLOCK PIN        0.000                  3.084  1       


Data Path
Name                                      Cell/Site Name     Delay Name       Incr   Arrival/Required Time  Fanout  
----------------------------------------  -----------------  ---------------  -----  ---------------------  ------  
counter1/count_11__i15/CK->counter1/count_11__i15/Q
                                          SLICE_R12C6A       CLK_TO_Q0_DELAY  0.779                  3.863  2       
counter1/count[15]                                           NET DELAY        0.882                  4.745  2       
counter1/count_11_add_4_17/C0->counter1/count_11_add_4_17/S0
                                          SLICE_R12C6A       C0_TO_F0_DELAY   0.252                  4.997  1       
counter1/n105[15]                                            NET DELAY        0.000                  4.997  1       
counter1/count_11__i15/D                                     ENDPOINT         0.000                  4.997  1       


Destination Clock Path
Name                                      Cell/Site Name     Delay Name       Incr   Arrival/Required Time  Fanout  
----------------------------------------  -----------------  ---------------  -----  ---------------------  ------  
                                                             CONSTRAINT       0.000                  0.000  1       
hf_osc.osc_inst/CLKHF                     HFOSC_HFOSC_R1C32  CLOCK LATENCY    0.000                  0.000  16      
counter1/clk                                                 NET DELAY        3.084                  3.084  16      
{counter1/count_11__i15/CK   counter1/count_11__i16/CK}
                                                             CLOCK PIN        0.000                  3.084  1       
                                                             Uncertainty      0.000                  3.084  
                                                             Hold time        0.000                  3.084  
----------------------------------------  -----------------  ---------------  -----  ---------------------  ------  
Required Time                                                                                       -3.084  
Arrival Time                                                                                         4.997  
----------------------------------------  -----------------  ---------------  -----  ---------------------  ------  
Path Slack  (Passed)                                                                                 1.913  




++++ Path 2 ++++++++++++++++++++++++++++++++++++++++++++++++++++++++++ 

Path Begin       : counter1/count_11__i16/Q  (SLICE_R12C6A)
Path End         : counter1/count_11__i16/D  (SLICE_R12C6A)
Source Clock     : clk (R)
Destination Clock: clk (R)
Logic Level      : 2
Delay Ratio      : 46.1% (route), 53.9% (logic)
Clock Skew       : 0.000 ns 
Hold Constraint  : 0.000 ns 
Path Slack       : 1.913 ns  (Passed)


Source Clock Path
Name                                      Cell/Site Name     Delay Name       Incr   Arrival/Required Time  Fanout  
----------------------------------------  -----------------  ---------------  -----  ---------------------  ------  
hf_osc.osc_inst/CLKHF                     HFOSC_HFOSC_R1C32  CLOCK LATENCY    0.000                  0.000  16      
counter1/clk                                                 NET DELAY        3.084                  3.084  16      
{counter1/count_11__i15/CK   counter1/count_11__i16/CK}
                                                             CLOCK PIN        0.000                  3.084  1       


Data Path
Name                                      Cell/Site Name     Delay Name       Incr   Arrival/Required Time  Fanout  
----------------------------------------  -----------------  ---------------  -----  ---------------------  ------  
counter1/count_11__i16/CK->counter1/count_11__i16/Q
                                          SLICE_R12C6A       CLK_TO_Q1_DELAY  0.779                  3.863  2       
counter1/count[16]                                           NET DELAY        0.882                  4.745  2       
counter1/count_11_add_4_17/C1->counter1/count_11_add_4_17/S1
                                          SLICE_R12C6A       C1_TO_F1_DELAY   0.252                  4.997  1       
counter1/n105[16]                                            NET DELAY        0.000                  4.997  1       
counter1/count_11__i16/D                                     ENDPOINT         0.000                  4.997  1       


Destination Clock Path
Name                                      Cell/Site Name     Delay Name       Incr   Arrival/Required Time  Fanout  
----------------------------------------  -----------------  ---------------  -----  ---------------------  ------  
                                                             CONSTRAINT       0.000                  0.000  1       
hf_osc.osc_inst/CLKHF                     HFOSC_HFOSC_R1C32  CLOCK LATENCY    0.000                  0.000  16      
counter1/clk                                                 NET DELAY        3.084                  3.084  16      
{counter1/count_11__i15/CK   counter1/count_11__i16/CK}
                                                             CLOCK PIN        0.000                  3.084  1       
                                                             Uncertainty      0.000                  3.084  
                                                             Hold time        0.000                  3.084  
----------------------------------------  -----------------  ---------------  -----  ---------------------  ------  
Required Time                                                                                       -3.084  
Arrival Time                                                                                         4.997  
----------------------------------------  -----------------  ---------------  -----  ---------------------  ------  
Path Slack  (Passed)                                                                                 1.913  




++++ Path 3 ++++++++++++++++++++++++++++++++++++++++++++++++++++++++++ 

Path Begin       : counter1/count_11__i17/Q  (SLICE_R12C6B)
Path End         : counter1/count_11__i17/D  (SLICE_R12C6B)
Source Clock     : clk (R)
Destination Clock: clk (R)
Logic Level      : 2
Delay Ratio      : 46.1% (route), 53.9% (logic)
Clock Skew       : 0.000 ns 
Hold Constraint  : 0.000 ns 
Path Slack       : 1.913 ns  (Passed)


Source Clock Path
Name                                      Cell/Site Name     Delay Name       Incr   Arrival/Required Time  Fanout  
----------------------------------------  -----------------  ---------------  -----  ---------------------  ------  
hf_osc.osc_inst/CLKHF                     HFOSC_HFOSC_R1C32  CLOCK LATENCY    0.000                  0.000  16      
counter1/clk                                                 NET DELAY        3.084                  3.084  16      
{counter1/count_11__i17/CK   counter1/count_11__i18/CK}
                                                             CLOCK PIN        0.000                  3.084  1       


Data Path
Name                                      Cell/Site Name     Delay Name       Incr   Arrival/Required Time  Fanout  
----------------------------------------  -----------------  ---------------  -----  ---------------------  ------  
counter1/count_11__i17/CK->counter1/count_11__i17/Q
                                          SLICE_R12C6B       CLK_TO_Q0_DELAY  0.779                  3.863  2       
counter1/count[17]                                           NET DELAY        0.882                  4.745  2       
counter1/count_11_add_4_19/C0->counter1/count_11_add_4_19/S0
                                          SLICE_R12C6B       C0_TO_F0_DELAY   0.252                  4.997  1       
counter1/n105[17]                                            NET DELAY        0.000                  4.997  1       
counter1/count_11__i17/D                                     ENDPOINT         0.000                  4.997  1       


Destination Clock Path
Name                                      Cell/Site Name     Delay Name       Incr   Arrival/Required Time  Fanout  
----------------------------------------  -----------------  ---------------  -----  ---------------------  ------  
                                                             CONSTRAINT       0.000                  0.000  1       
hf_osc.osc_inst/CLKHF                     HFOSC_HFOSC_R1C32  CLOCK LATENCY    0.000                  0.000  16      
counter1/clk                                                 NET DELAY        3.084                  3.084  16      
{counter1/count_11__i17/CK   counter1/count_11__i18/CK}
                                                             CLOCK PIN        0.000                  3.084  1       
                                                             Uncertainty      0.000                  3.084  
                                                             Hold time        0.000                  3.084  
----------------------------------------  -----------------  ---------------  -----  ---------------------  ------  
Required Time                                                                                       -3.084  
Arrival Time                                                                                         4.997  
----------------------------------------  -----------------  ---------------  -----  ---------------------  ------  
Path Slack  (Passed)                                                                                 1.913  




++++ Path 4 ++++++++++++++++++++++++++++++++++++++++++++++++++++++++++ 

Path Begin       : counter1/count_11__i18/Q  (SLICE_R12C6B)
Path End         : counter1/count_11__i18/D  (SLICE_R12C6B)
Source Clock     : clk (R)
Destination Clock: clk (R)
Logic Level      : 2
Delay Ratio      : 46.1% (route), 53.9% (logic)
Clock Skew       : 0.000 ns 
Hold Constraint  : 0.000 ns 
Path Slack       : 1.913 ns  (Passed)


Source Clock Path
Name                                      Cell/Site Name     Delay Name       Incr   Arrival/Required Time  Fanout  
----------------------------------------  -----------------  ---------------  -----  ---------------------  ------  
hf_osc.osc_inst/CLKHF                     HFOSC_HFOSC_R1C32  CLOCK LATENCY    0.000                  0.000  16      
counter1/clk                                                 NET DELAY        3.084                  3.084  16      
{counter1/count_11__i17/CK   counter1/count_11__i18/CK}
                                                             CLOCK PIN        0.000                  3.084  1       


Data Path
Name                                      Cell/Site Name     Delay Name       Incr   Arrival/Required Time  Fanout  
----------------------------------------  -----------------  ---------------  -----  ---------------------  ------  
counter1/count_11__i18/CK->counter1/count_11__i18/Q
                                          SLICE_R12C6B       CLK_TO_Q1_DELAY  0.779                  3.863  2       
counter1/count[18]                                           NET DELAY        0.882                  4.745  2       
counter1/count_11_add_4_19/C1->counter1/count_11_add_4_19/S1
                                          SLICE_R12C6B       C1_TO_F1_DELAY   0.252                  4.997  1       
counter1/n105[18]                                            NET DELAY        0.000                  4.997  1       
counter1/count_11__i18/D                                     ENDPOINT         0.000                  4.997  1       


Destination Clock Path
Name                                      Cell/Site Name     Delay Name       Incr   Arrival/Required Time  Fanout  
----------------------------------------  -----------------  ---------------  -----  ---------------------  ------  
                                                             CONSTRAINT       0.000                  0.000  1       
hf_osc.osc_inst/CLKHF                     HFOSC_HFOSC_R1C32  CLOCK LATENCY    0.000                  0.000  16      
counter1/clk                                                 NET DELAY        3.084                  3.084  16      
{counter1/count_11__i17/CK   counter1/count_11__i18/CK}
                                                             CLOCK PIN        0.000                  3.084  1       
                                                             Uncertainty      0.000                  3.084  
                                                             Hold time        0.000                  3.084  
----------------------------------------  -----------------  ---------------  -----  ---------------------  ------  
Required Time                                                                                       -3.084  
Arrival Time                                                                                         4.997  
----------------------------------------  -----------------  ---------------  -----  ---------------------  ------  
Path Slack  (Passed)                                                                                 1.913  




++++ Path 5 ++++++++++++++++++++++++++++++++++++++++++++++++++++++++++ 

Path Begin       : counter1/count_11__i19/Q  (SLICE_R12C6C)
Path End         : counter1/count_11__i19/D  (SLICE_R12C6C)
Source Clock     : clk (R)
Destination Clock: clk (R)
Logic Level      : 2
Delay Ratio      : 46.1% (route), 53.9% (logic)
Clock Skew       : 0.000 ns 
Hold Constraint  : 0.000 ns 
Path Slack       : 1.913 ns  (Passed)


Source Clock Path
Name                                      Cell/Site Name     Delay Name       Incr   Arrival/Required Time  Fanout  
----------------------------------------  -----------------  ---------------  -----  ---------------------  ------  
hf_osc.osc_inst/CLKHF                     HFOSC_HFOSC_R1C32  CLOCK LATENCY    0.000                  0.000  16      
counter1/clk                                                 NET DELAY        3.084                  3.084  16      
{counter1/count_11__i19/CK   counter1/count_11__i20/CK}
                                                             CLOCK PIN        0.000                  3.084  1       


Data Path
Name                                      Cell/Site Name     Delay Name       Incr   Arrival/Required Time  Fanout  
----------------------------------------  -----------------  ---------------  -----  ---------------------  ------  
counter1/count_11__i19/CK->counter1/count_11__i19/Q
                                          SLICE_R12C6C       CLK_TO_Q0_DELAY  0.779                  3.863  2       
counter1/count[19]                                           NET DELAY        0.882                  4.745  2       
counter1/count_11_add_4_21/C0->counter1/count_11_add_4_21/S0
                                          SLICE_R12C6C       C0_TO_F0_DELAY   0.252                  4.997  1       
counter1/n105[19]                                            NET DELAY        0.000                  4.997  1       
counter1/count_11__i19/D                                     ENDPOINT         0.000                  4.997  1       


Destination Clock Path
Name                                      Cell/Site Name     Delay Name       Incr   Arrival/Required Time  Fanout  
----------------------------------------  -----------------  ---------------  -----  ---------------------  ------  
                                                             CONSTRAINT       0.000                  0.000  1       
hf_osc.osc_inst/CLKHF                     HFOSC_HFOSC_R1C32  CLOCK LATENCY    0.000                  0.000  16      
counter1/clk                                                 NET DELAY        3.084                  3.084  16      
{counter1/count_11__i19/CK   counter1/count_11__i20/CK}
                                                             CLOCK PIN        0.000                  3.084  1       
                                                             Uncertainty      0.000                  3.084  
                                                             Hold time        0.000                  3.084  
----------------------------------------  -----------------  ---------------  -----  ---------------------  ------  
Required Time                                                                                       -3.084  
Arrival Time                                                                                         4.997  
----------------------------------------  -----------------  ---------------  -----  ---------------------  ------  
Path Slack  (Passed)                                                                                 1.913  




++++ Path 6 ++++++++++++++++++++++++++++++++++++++++++++++++++++++++++ 

Path Begin       : counter1/count_11__i20/Q  (SLICE_R12C6C)
Path End         : counter1/count_11__i20/D  (SLICE_R12C6C)
Source Clock     : clk (R)
Destination Clock: clk (R)
Logic Level      : 2
Delay Ratio      : 46.1% (route), 53.9% (logic)
Clock Skew       : 0.000 ns 
Hold Constraint  : 0.000 ns 
Path Slack       : 1.913 ns  (Passed)


Source Clock Path
Name                                      Cell/Site Name     Delay Name       Incr   Arrival/Required Time  Fanout  
----------------------------------------  -----------------  ---------------  -----  ---------------------  ------  
hf_osc.osc_inst/CLKHF                     HFOSC_HFOSC_R1C32  CLOCK LATENCY    0.000                  0.000  16      
counter1/clk                                                 NET DELAY        3.084                  3.084  16      
{counter1/count_11__i19/CK   counter1/count_11__i20/CK}
                                                             CLOCK PIN        0.000                  3.084  1       


Data Path
Name                                      Cell/Site Name     Delay Name       Incr   Arrival/Required Time  Fanout  
----------------------------------------  -----------------  ---------------  -----  ---------------------  ------  
counter1/count_11__i20/CK->counter1/count_11__i20/Q
                                          SLICE_R12C6C       CLK_TO_Q1_DELAY  0.779                  3.863  2       
counter1/count[20]                                           NET DELAY        0.882                  4.745  2       
counter1/count_11_add_4_21/C1->counter1/count_11_add_4_21/S1
                                          SLICE_R12C6C       C1_TO_F1_DELAY   0.252                  4.997  1       
counter1/n105[20]                                            NET DELAY        0.000                  4.997  1       
counter1/count_11__i20/D                                     ENDPOINT         0.000                  4.997  1       


Destination Clock Path
Name                                      Cell/Site Name     Delay Name       Incr   Arrival/Required Time  Fanout  
----------------------------------------  -----------------  ---------------  -----  ---------------------  ------  
                                                             CONSTRAINT       0.000                  0.000  1       
hf_osc.osc_inst/CLKHF                     HFOSC_HFOSC_R1C32  CLOCK LATENCY    0.000                  0.000  16      
counter1/clk                                                 NET DELAY        3.084                  3.084  16      
{counter1/count_11__i19/CK   counter1/count_11__i20/CK}
                                                             CLOCK PIN        0.000                  3.084  1       
                                                             Uncertainty      0.000                  3.084  
                                                             Hold time        0.000                  3.084  
----------------------------------------  -----------------  ---------------  -----  ---------------------  ------  
Required Time                                                                                       -3.084  
Arrival Time                                                                                         4.997  
----------------------------------------  -----------------  ---------------  -----  ---------------------  ------  
Path Slack  (Passed)                                                                                 1.913  




++++ Path 7 ++++++++++++++++++++++++++++++++++++++++++++++++++++++++++ 

Path Begin       : counter1/count_11__i21/Q  (SLICE_R12C6D)
Path End         : counter1/count_11__i21/D  (SLICE_R12C6D)
Source Clock     : clk (R)
Destination Clock: clk (R)
Logic Level      : 2
Delay Ratio      : 46.1% (route), 53.9% (logic)
Clock Skew       : 0.000 ns 
Hold Constraint  : 0.000 ns 
Path Slack       : 1.913 ns  (Passed)


Source Clock Path
Name                                      Cell/Site Name     Delay Name       Incr   Arrival/Required Time  Fanout  
----------------------------------------  -----------------  ---------------  -----  ---------------------  ------  
hf_osc.osc_inst/CLKHF                     HFOSC_HFOSC_R1C32  CLOCK LATENCY    0.000                  0.000  16      
counter1/clk                                                 NET DELAY        3.084                  3.084  16      
{counter1/count_11__i21/CK   counter1/count_11__i22/CK}
                                                             CLOCK PIN        0.000                  3.084  1       


Data Path
Name                                      Cell/Site Name     Delay Name       Incr   Arrival/Required Time  Fanout  
----------------------------------------  -----------------  ---------------  -----  ---------------------  ------  
counter1/count_11__i21/CK->counter1/count_11__i21/Q
                                          SLICE_R12C6D       CLK_TO_Q0_DELAY  0.779                  3.863  2       
counter1/count[21]                                           NET DELAY        0.882                  4.745  2       
counter1/count_11_add_4_23/C0->counter1/count_11_add_4_23/S0
                                          SLICE_R12C6D       C0_TO_F0_DELAY   0.252                  4.997  1       
counter1/n105[21]                                            NET DELAY        0.000                  4.997  1       
counter1/count_11__i21/D                                     ENDPOINT         0.000                  4.997  1       


Destination Clock Path
Name                                      Cell/Site Name     Delay Name       Incr   Arrival/Required Time  Fanout  
----------------------------------------  -----------------  ---------------  -----  ---------------------  ------  
                                                             CONSTRAINT       0.000                  0.000  1       
hf_osc.osc_inst/CLKHF                     HFOSC_HFOSC_R1C32  CLOCK LATENCY    0.000                  0.000  16      
counter1/clk                                                 NET DELAY        3.084                  3.084  16      
{counter1/count_11__i21/CK   counter1/count_11__i22/CK}
                                                             CLOCK PIN        0.000                  3.084  1       
                                                             Uncertainty      0.000                  3.084  
                                                             Hold time        0.000                  3.084  
----------------------------------------  -----------------  ---------------  -----  ---------------------  ------  
Required Time                                                                                       -3.084  
Arrival Time                                                                                         4.997  
----------------------------------------  -----------------  ---------------  -----  ---------------------  ------  
Path Slack  (Passed)                                                                                 1.913  




++++ Path 8 ++++++++++++++++++++++++++++++++++++++++++++++++++++++++++ 

Path Begin       : counter1/count_11__i22/Q  (SLICE_R12C6D)
Path End         : counter1/count_11__i22/D  (SLICE_R12C6D)
Source Clock     : clk (R)
Destination Clock: clk (R)
Logic Level      : 2
Delay Ratio      : 46.1% (route), 53.9% (logic)
Clock Skew       : 0.000 ns 
Hold Constraint  : 0.000 ns 
Path Slack       : 1.913 ns  (Passed)


Source Clock Path
Name                                      Cell/Site Name     Delay Name       Incr   Arrival/Required Time  Fanout  
----------------------------------------  -----------------  ---------------  -----  ---------------------  ------  
hf_osc.osc_inst/CLKHF                     HFOSC_HFOSC_R1C32  CLOCK LATENCY    0.000                  0.000  16      
counter1/clk                                                 NET DELAY        3.084                  3.084  16      
{counter1/count_11__i21/CK   counter1/count_11__i22/CK}
                                                             CLOCK PIN        0.000                  3.084  1       


Data Path
Name                                      Cell/Site Name     Delay Name       Incr   Arrival/Required Time  Fanout  
----------------------------------------  -----------------  ---------------  -----  ---------------------  ------  
counter1/count_11__i22/CK->counter1/count_11__i22/Q
                                          SLICE_R12C6D       CLK_TO_Q1_DELAY  0.779                  3.863  2       
counter1/count[22]                                           NET DELAY        0.882                  4.745  2       
counter1/count_11_add_4_23/C1->counter1/count_11_add_4_23/S1
                                          SLICE_R12C6D       C1_TO_F1_DELAY   0.252                  4.997  1       
counter1/n105[22]                                            NET DELAY        0.000                  4.997  1       
counter1/count_11__i22/D                                     ENDPOINT         0.000                  4.997  1       


Destination Clock Path
Name                                      Cell/Site Name     Delay Name       Incr   Arrival/Required Time  Fanout  
----------------------------------------  -----------------  ---------------  -----  ---------------------  ------  
                                                             CONSTRAINT       0.000                  0.000  1       
hf_osc.osc_inst/CLKHF                     HFOSC_HFOSC_R1C32  CLOCK LATENCY    0.000                  0.000  16      
counter1/clk                                                 NET DELAY        3.084                  3.084  16      
{counter1/count_11__i21/CK   counter1/count_11__i22/CK}
                                                             CLOCK PIN        0.000                  3.084  1       
                                                             Uncertainty      0.000                  3.084  
                                                             Hold time        0.000                  3.084  
----------------------------------------  -----------------  ---------------  -----  ---------------------  ------  
Required Time                                                                                       -3.084  
Arrival Time                                                                                         4.997  
----------------------------------------  -----------------  ---------------  -----  ---------------------  ------  
Path Slack  (Passed)                                                                                 1.913  




++++ Path 9 ++++++++++++++++++++++++++++++++++++++++++++++++++++++++++ 

Path Begin       : counter1/count_11__i23/Q  (SLICE_R12C7A)
Path End         : counter1/count_11__i23/D  (SLICE_R12C7A)
Source Clock     : clk (R)
Destination Clock: clk (R)
Logic Level      : 2
Delay Ratio      : 46.1% (route), 53.9% (logic)
Clock Skew       : 0.000 ns 
Hold Constraint  : 0.000 ns 
Path Slack       : 1.913 ns  (Passed)


Source Clock Path
Name                                      Cell/Site Name     Delay Name       Incr   Arrival/Required Time  Fanout  
----------------------------------------  -----------------  ---------------  -----  ---------------------  ------  
hf_osc.osc_inst/CLKHF                     HFOSC_HFOSC_R1C32  CLOCK LATENCY    0.000                  0.000  16      
counter1/clk                                                 NET DELAY        3.084                  3.084  16      
{counter1/count_11__i23/CK   counter1/count_11__i24/CK}
                                                             CLOCK PIN        0.000                  3.084  1       


Data Path
Name                                      Cell/Site Name     Delay Name       Incr   Arrival/Required Time  Fanout  
----------------------------------------  -----------------  ---------------  -----  ---------------------  ------  
counter1/count_11__i23/CK->counter1/count_11__i23/Q
                                          SLICE_R12C7A       CLK_TO_Q0_DELAY  0.779                  3.863  2       
counter1/count[23]                                           NET DELAY        0.882                  4.745  2       
counter1/count_11_add_4_25/C0->counter1/count_11_add_4_25/S0
                                          SLICE_R12C7A       C0_TO_F0_DELAY   0.252                  4.997  1       
counter1/n105[23]                                            NET DELAY        0.000                  4.997  1       
counter1/count_11__i23/D                                     ENDPOINT         0.000                  4.997  1       


Destination Clock Path
Name                                      Cell/Site Name     Delay Name       Incr   Arrival/Required Time  Fanout  
----------------------------------------  -----------------  ---------------  -----  ---------------------  ------  
                                                             CONSTRAINT       0.000                  0.000  1       
hf_osc.osc_inst/CLKHF                     HFOSC_HFOSC_R1C32  CLOCK LATENCY    0.000                  0.000  16      
counter1/clk                                                 NET DELAY        3.084                  3.084  16      
{counter1/count_11__i23/CK   counter1/count_11__i24/CK}
                                                             CLOCK PIN        0.000                  3.084  1       
                                                             Uncertainty      0.000                  3.084  
                                                             Hold time        0.000                  3.084  
----------------------------------------  -----------------  ---------------  -----  ---------------------  ------  
Required Time                                                                                       -3.084  
Arrival Time                                                                                         4.997  
----------------------------------------  -----------------  ---------------  -----  ---------------------  ------  
Path Slack  (Passed)                                                                                 1.913  




++++ Path 10 ++++++++++++++++++++++++++++++++++++++++++++++++++++++++++ 

Path Begin       : counter1/count_11__i24/Q  (SLICE_R12C7A)
Path End         : counter1/count_11__i24/D  (SLICE_R12C7A)
Source Clock     : clk (R)
Destination Clock: clk (R)
Logic Level      : 2
Delay Ratio      : 46.1% (route), 53.9% (logic)
Clock Skew       : 0.000 ns 
Hold Constraint  : 0.000 ns 
Path Slack       : 1.913 ns  (Passed)


Source Clock Path
Name                                      Cell/Site Name     Delay Name       Incr   Arrival/Required Time  Fanout  
----------------------------------------  -----------------  ---------------  -----  ---------------------  ------  
hf_osc.osc_inst/CLKHF                     HFOSC_HFOSC_R1C32  CLOCK LATENCY    0.000                  0.000  16      
counter1/clk                                                 NET DELAY        3.084                  3.084  16      
{counter1/count_11__i23/CK   counter1/count_11__i24/CK}
                                                             CLOCK PIN        0.000                  3.084  1       


Data Path
Name                                      Cell/Site Name     Delay Name       Incr   Arrival/Required Time  Fanout  
----------------------------------------  -----------------  ---------------  -----  ---------------------  ------  
counter1/count_11__i24/CK->counter1/count_11__i24/Q
                                          SLICE_R12C7A       CLK_TO_Q1_DELAY  0.779                  3.863  2       
counter1/count[24]                                           NET DELAY        0.882                  4.745  2       
counter1/count_11_add_4_25/C1->counter1/count_11_add_4_25/S1
                                          SLICE_R12C7A       C1_TO_F1_DELAY   0.252                  4.997  1       
counter1/n105[24]                                            NET DELAY        0.000                  4.997  1       
counter1/count_11__i24/D                                     ENDPOINT         0.000                  4.997  1       


Destination Clock Path
Name                                      Cell/Site Name     Delay Name       Incr   Arrival/Required Time  Fanout  
----------------------------------------  -----------------  ---------------  -----  ---------------------  ------  
                                                             CONSTRAINT       0.000                  0.000  1       
hf_osc.osc_inst/CLKHF                     HFOSC_HFOSC_R1C32  CLOCK LATENCY    0.000                  0.000  16      
counter1/clk                                                 NET DELAY        3.084                  3.084  16      
{counter1/count_11__i23/CK   counter1/count_11__i24/CK}
                                                             CLOCK PIN        0.000                  3.084  1       
                                                             Uncertainty      0.000                  3.084  
                                                             Hold time        0.000                  3.084  
----------------------------------------  -----------------  ---------------  -----  ---------------------  ------  
Required Time                                                                                       -3.084  
Arrival Time                                                                                         4.997  
----------------------------------------  -----------------  ---------------  -----  ---------------------  ------  
Path Slack  (Passed)                                                                                 1.913  



+++++++++++++++++++++++++++++++++++++++++++++++++++++++++++++++++++++ 
                    End of Detailed Report for timing paths 
+++++++++++++++++++++++++++++++++++++++++++++++++++++++++++++++++++++ 


##########################################################



